This file contains any messages produced by compilers while
running configure, to aid debugging if configure makes a mistake.

It was created by Body Tracking Benchmark configure 1.0, which was
generated by GNU Autoconf 2.69.  Invocation command line was

  $ ./configure --enable-threads --no-create --no-recursion

## --------- ##
## Platform. ##
## --------- ##

hostname = daniel-desktop
uname -m = x86_64
uname -r = 4.10.6-041006-generic
uname -s = Linux
uname -v = #201703260832 SMP Sun Mar 26 12:34:42 UTC 2017

/usr/bin/uname -p = unknown
/bin/uname -X     = unknown

/bin/arch              = unknown
/usr/bin/arch -k       = unknown
/usr/convex/getsysinfo = unknown
/usr/bin/hostinfo      = unknown
/bin/machine           = unknown
/usr/bin/oslevel       = unknown
/bin/universe          = unknown

PATH: /opt/intel/vtune_amplifier_xe_2017.2.0.499904/bin64
PATH: /home/dsuo/anaconda3/bin
PATH: /home/dsuo/anaconda2/bin
PATH: /usr/share/bcc/tools
PATH: /home/dsuo/bin
PATH: /home/dsuo/.local/bin
PATH: /opt/intel/vtune_amplifier_xe_2017.2.0.499904/bin64
PATH: /home/dsuo/anaconda3/bin
PATH: /home/dsuo/anaconda2/bin
PATH: /usr/share/bcc/tools
PATH: /home/dsuo/bin
PATH: /home/dsuo/.local/bin
PATH: /opt/intel/vtune_amplifier_xe_2017.2.0.499904/bin64
PATH: /home/dsuo/anaconda3/bin
PATH: /home/dsuo/anaconda2/bin
PATH: /usr/share/bcc/tools
PATH: /usr/local/sbin
PATH: /usr/local/bin
PATH: /usr/sbin
PATH: /usr/bin
PATH: /sbin
PATH: /bin
PATH: /usr/games
PATH: /usr/local/games
PATH: /snap/bin
PATH: /home/dsuo/.fzf/bin
PATH: /snap/bin


## ----------- ##
## Core tests. ##
## ----------- ##

configure:2678: checking for a BSD-compatible install
configure:2746: result: /usr/bin/install -c
configure:2757: checking whether build environment is sane
configure:2794: result: yes
configure:2856: checking for gawk
configure:2886: result: no
configure:2856: checking for mawk
configure:2872: found /usr/bin/mawk
configure:2883: result: mawk
configure:2894: checking whether make sets $(MAKE)
configure:2916: result: yes
configure:3202: checking build system type
configure:3216: result: x86_64-unknown-linux-gnu
configure:3236: checking host system type
configure:3249: result: x86_64-unknown-linux-gnu
configure:3281: checking for style of include used by make
configure:3309: result: GNU
configure:3382: checking for gcc
configure:3398: found /usr/bin/gcc
configure:3409: result: gcc
configure:3638: checking for C compiler version
configure:3647: gcc --version >&5
gcc (Ubuntu 6.2.0-5ubuntu12) 6.2.0 20161005
Copyright (C) 2016 Free Software Foundation, Inc.
This is free software; see the source for copying conditions.  There is NO
warranty; not even for MERCHANTABILITY or FITNESS FOR A PARTICULAR PURPOSE.

configure:3658: $? = 0
configure:3647: gcc -v >&5
Using built-in specs.
COLLECT_GCC=gcc
COLLECT_LTO_WRAPPER=/usr/lib/gcc/x86_64-linux-gnu/6/lto-wrapper
Target: x86_64-linux-gnu
Configured with: ../src/configure -v --with-pkgversion='Ubuntu 6.2.0-5ubuntu12' --with-bugurl=file:///usr/share/doc/gcc-6/README.Bugs --enable-languages=c,ada,c++,java,go,d,fortran,objc,obj-c++ --prefix=/usr --program-suffix=-6 --program-prefix=x86_64-linux-gnu- --enable-shared --enable-linker-build-id --libexecdir=/usr/lib --without-included-gettext --enable-threads=posix --libdir=/usr/lib --enable-nls --with-sysroot=/ --enable-clocale=gnu --enable-libstdcxx-debug --enable-libstdcxx-time=yes --with-default-libstdcxx-abi=new --enable-gnu-unique-object --disable-vtable-verify --enable-libmpx --enable-plugin --enable-default-pie --with-system-zlib --disable-browser-plugin --enable-java-awt=gtk --enable-gtk-cairo --with-java-home=/usr/lib/jvm/java-1.5.0-gcj-6-amd64/jre --enable-java-home --with-jvm-root-dir=/usr/lib/jvm/java-1.5.0-gcj-6-amd64 --with-jvm-jar-dir=/usr/lib/jvm-exports/java-1.5.0-gcj-6-amd64 --with-arch-directory=amd64 --with-ecj-jar=/usr/share/java/eclipse-ecj.jar --enable-objc-gc --enable-multiarch --disable-werror --with-arch-32=i686 --with-abi=m64 --with-multilib-list=m32,m64,mx32 --enable-multilib --with-tune=generic --enable-checking=release --build=x86_64-linux-gnu --host=x86_64-linux-gnu --target=x86_64-linux-gnu
Thread model: posix
gcc version 6.2.0 20161005 (Ubuntu 6.2.0-5ubuntu12) 
configure:3658: $? = 0
configure:3647: gcc -V >&5
gcc: error: unrecognized command line option '-V'
gcc: fatal error: no input files
compilation terminated.
configure:3658: $? = 1
configure:3647: gcc -qversion >&5
gcc: error: unrecognized command line option '-qversion'; did you mean '--version'?
gcc: fatal error: no input files
compilation terminated.
configure:3658: $? = 1
configure:3678: checking whether the C compiler works
configure:3700: gcc    conftest.c  >&5
configure:3704: $? = 0
configure:3752: result: yes
configure:3755: checking for C compiler default output file name
configure:3757: result: a.out
configure:3763: checking for suffix of executables
configure:3770: gcc -o conftest    conftest.c  >&5
configure:3774: $? = 0
configure:3796: result: 
configure:3818: checking whether we are cross compiling
configure:3826: gcc -o conftest    conftest.c  >&5
configure:3830: $? = 0
configure:3837: ./conftest
configure:3841: $? = 0
configure:3856: result: no
configure:3861: checking for suffix of object files
configure:3883: gcc -c   conftest.c >&5
configure:3887: $? = 0
configure:3908: result: o
configure:3912: checking whether we are using the GNU C compiler
configure:3931: gcc -c   conftest.c >&5
configure:3931: $? = 0
configure:3940: result: yes
configure:3949: checking whether gcc accepts -g
configure:3969: gcc -c -g  conftest.c >&5
configure:3969: $? = 0
configure:4010: result: yes
configure:4027: checking for gcc option to accept ISO C89
configure:4090: gcc  -c -g -O2  conftest.c >&5
configure:4090: $? = 0
configure:4103: result: none needed
configure:4125: checking dependency style of gcc
configure:4215: result: gcc3
configure:4232: checking for a sed that does not truncate output
configure:4288: result: /bin/sed
configure:4291: checking for grep that handles long lines and -e
configure:4349: result: /bin/grep
configure:4354: checking for egrep
configure:4416: result: /bin/grep -E
configure:4432: checking for ld used by gcc
configure:4499: result: /usr/bin/ld
configure:4506: checking if the linker (/usr/bin/ld) is GNU ld
configure:4521: result: yes
configure:4526: checking for /usr/bin/ld option to reload object files
configure:4533: result: -r
configure:4551: checking for BSD-compatible nm
configure:4600: result: /usr/bin/nm -B
configure:4604: checking whether ln -s works
configure:4608: result: yes
configure:4615: checking how to recognise dependent libraries
configure:4791: result: pass_all
configure:4879: gcc -c -g -O2  conftest.c >&5
configure:4882: $? = 0
configure:5000: checking how to run the C preprocessor
configure:5031: gcc -E  conftest.c
configure:5031: $? = 0
configure:5045: gcc -E  conftest.c
conftest.c:11:28: fatal error: ac_nonexistent.h: No such file or directory
 #include <ac_nonexistent.h>
                            ^
compilation terminated.
configure:5045: $? = 1
configure: failed program was:
| /* confdefs.h */
| #define PACKAGE_NAME "Body Tracking Benchmark"
| #define PACKAGE_TARNAME "body-tracking-benchmark"
| #define PACKAGE_VERSION "1.0"
| #define PACKAGE_STRING "Body Tracking Benchmark 1.0"
| #define PACKAGE_BUGREPORT "cbienia@cs.princeton.edu"
| #define PACKAGE_URL ""
| #define PACKAGE "body-tracking-benchmark"
| #define VERSION "1.0"
| /* end confdefs.h.  */
| #include <ac_nonexistent.h>
configure:5070: result: gcc -E
configure:5090: gcc -E  conftest.c
configure:5090: $? = 0
configure:5104: gcc -E  conftest.c
conftest.c:11:28: fatal error: ac_nonexistent.h: No such file or directory
 #include <ac_nonexistent.h>
                            ^
compilation terminated.
configure:5104: $? = 1
configure: failed program was:
| /* confdefs.h */
| #define PACKAGE_NAME "Body Tracking Benchmark"
| #define PACKAGE_TARNAME "body-tracking-benchmark"
| #define PACKAGE_VERSION "1.0"
| #define PACKAGE_STRING "Body Tracking Benchmark 1.0"
| #define PACKAGE_BUGREPORT "cbienia@cs.princeton.edu"
| #define PACKAGE_URL ""
| #define PACKAGE "body-tracking-benchmark"
| #define VERSION "1.0"
| /* end confdefs.h.  */
| #include <ac_nonexistent.h>
configure:5133: checking for ANSI C header files
configure:5153: gcc -c -g -O2  conftest.c >&5
configure:5153: $? = 0
configure:5226: gcc -o conftest -g -O2   conftest.c  >&5
configure:5226: $? = 0
configure:5226: ./conftest
configure:5226: $? = 0
configure:5237: result: yes
configure:5250: checking for sys/types.h
configure:5250: gcc -c -g -O2  conftest.c >&5
configure:5250: $? = 0
configure:5250: result: yes
configure:5250: checking for sys/stat.h
configure:5250: gcc -c -g -O2  conftest.c >&5
configure:5250: $? = 0
configure:5250: result: yes
configure:5250: checking for stdlib.h
configure:5250: gcc -c -g -O2  conftest.c >&5
configure:5250: $? = 0
configure:5250: result: yes
configure:5250: checking for string.h
configure:5250: gcc -c -g -O2  conftest.c >&5
configure:5250: $? = 0
configure:5250: result: yes
configure:5250: checking for memory.h
configure:5250: gcc -c -g -O2  conftest.c >&5
configure:5250: $? = 0
configure:5250: result: yes
configure:5250: checking for strings.h
configure:5250: gcc -c -g -O2  conftest.c >&5
configure:5250: $? = 0
configure:5250: result: yes
configure:5250: checking for inttypes.h
configure:5250: gcc -c -g -O2  conftest.c >&5
configure:5250: $? = 0
configure:5250: result: yes
configure:5250: checking for stdint.h
configure:5250: gcc -c -g -O2  conftest.c >&5
configure:5250: $? = 0
configure:5250: result: yes
configure:5250: checking for unistd.h
configure:5250: gcc -c -g -O2  conftest.c >&5
configure:5250: $? = 0
configure:5250: result: yes
configure:5264: checking dlfcn.h usability
configure:5264: gcc -c -g -O2  conftest.c >&5
configure:5264: $? = 0
configure:5264: result: yes
configure:5264: checking dlfcn.h presence
configure:5264: gcc -E  conftest.c
configure:5264: $? = 0
configure:5264: result: yes
configure:5264: checking for dlfcn.h
configure:5264: result: yes
configure:5332: checking for g++
configure:5348: found /usr/bin/g++
configure:5359: result: g++
configure:5386: checking for C++ compiler version
configure:5395: g++ --version >&5
g++ (Ubuntu 6.2.0-5ubuntu12) 6.2.0 20161005
Copyright (C) 2016 Free Software Foundation, Inc.
This is free software; see the source for copying conditions.  There is NO
warranty; not even for MERCHANTABILITY or FITNESS FOR A PARTICULAR PURPOSE.

configure:5406: $? = 0
configure:5395: g++ -v >&5
Using built-in specs.
COLLECT_GCC=g++
COLLECT_LTO_WRAPPER=/usr/lib/gcc/x86_64-linux-gnu/6/lto-wrapper
Target: x86_64-linux-gnu
Configured with: ../src/configure -v --with-pkgversion='Ubuntu 6.2.0-5ubuntu12' --with-bugurl=file:///usr/share/doc/gcc-6/README.Bugs --enable-languages=c,ada,c++,java,go,d,fortran,objc,obj-c++ --prefix=/usr --program-suffix=-6 --program-prefix=x86_64-linux-gnu- --enable-shared --enable-linker-build-id --libexecdir=/usr/lib --without-included-gettext --enable-threads=posix --libdir=/usr/lib --enable-nls --with-sysroot=/ --enable-clocale=gnu --enable-libstdcxx-debug --enable-libstdcxx-time=yes --with-default-libstdcxx-abi=new --enable-gnu-unique-object --disable-vtable-verify --enable-libmpx --enable-plugin --enable-default-pie --with-system-zlib --disable-browser-plugin --enable-java-awt=gtk --enable-gtk-cairo --with-java-home=/usr/lib/jvm/java-1.5.0-gcj-6-amd64/jre --enable-java-home --with-jvm-root-dir=/usr/lib/jvm/java-1.5.0-gcj-6-amd64 --with-jvm-jar-dir=/usr/lib/jvm-exports/java-1.5.0-gcj-6-amd64 --with-arch-directory=amd64 --with-ecj-jar=/usr/share/java/eclipse-ecj.jar --enable-objc-gc --enable-multiarch --disable-werror --with-arch-32=i686 --with-abi=m64 --with-multilib-list=m32,m64,mx32 --enable-multilib --with-tune=generic --enable-checking=release --build=x86_64-linux-gnu --host=x86_64-linux-gnu --target=x86_64-linux-gnu
Thread model: posix
gcc version 6.2.0 20161005 (Ubuntu 6.2.0-5ubuntu12) 
configure:5406: $? = 0
configure:5395: g++ -V >&5
g++: error: unrecognized command line option '-V'
g++: fatal error: no input files
compilation terminated.
configure:5406: $? = 1
configure:5395: g++ -qversion >&5
g++: error: unrecognized command line option '-qversion'; did you mean '--version'?
g++: fatal error: no input files
compilation terminated.
configure:5406: $? = 1
configure:5410: checking whether we are using the GNU C++ compiler
configure:5429: g++ -c   conftest.cpp >&5
configure:5429: $? = 0
configure:5438: result: yes
configure:5447: checking whether g++ accepts -g
configure:5467: g++ -c -g  conftest.cpp >&5
configure:5467: $? = 0
configure:5508: result: yes
configure:5533: checking dependency style of g++
configure:5623: result: gcc3
configure:5650: checking how to run the C++ preprocessor
configure:5677: g++ -E  conftest.cpp
configure:5677: $? = 0
configure:5691: g++ -E  conftest.cpp
conftest.cpp:22:28: fatal error: ac_nonexistent.h: No such file or directory
 #include <ac_nonexistent.h>
                            ^
compilation terminated.
configure:5691: $? = 1
configure: failed program was:
| /* confdefs.h */
| #define PACKAGE_NAME "Body Tracking Benchmark"
| #define PACKAGE_TARNAME "body-tracking-benchmark"
| #define PACKAGE_VERSION "1.0"
| #define PACKAGE_STRING "Body Tracking Benchmark 1.0"
| #define PACKAGE_BUGREPORT "cbienia@cs.princeton.edu"
| #define PACKAGE_URL ""
| #define PACKAGE "body-tracking-benchmark"
| #define VERSION "1.0"
| #define STDC_HEADERS 1
| #define HAVE_SYS_TYPES_H 1
| #define HAVE_SYS_STAT_H 1
| #define HAVE_STDLIB_H 1
| #define HAVE_STRING_H 1
| #define HAVE_MEMORY_H 1
| #define HAVE_STRINGS_H 1
| #define HAVE_INTTYPES_H 1
| #define HAVE_STDINT_H 1
| #define HAVE_UNISTD_H 1
| #define HAVE_DLFCN_H 1
| /* end confdefs.h.  */
| #include <ac_nonexistent.h>
configure:5716: result: g++ -E
configure:5736: g++ -E  conftest.cpp
configure:5736: $? = 0
configure:5750: g++ -E  conftest.cpp
conftest.cpp:22:28: fatal error: ac_nonexistent.h: No such file or directory
 #include <ac_nonexistent.h>
                            ^
compilation terminated.
configure:5750: $? = 1
configure: failed program was:
| /* confdefs.h */
| #define PACKAGE_NAME "Body Tracking Benchmark"
| #define PACKAGE_TARNAME "body-tracking-benchmark"
| #define PACKAGE_VERSION "1.0"
| #define PACKAGE_STRING "Body Tracking Benchmark 1.0"
| #define PACKAGE_BUGREPORT "cbienia@cs.princeton.edu"
| #define PACKAGE_URL ""
| #define PACKAGE "body-tracking-benchmark"
| #define VERSION "1.0"
| #define STDC_HEADERS 1
| #define HAVE_SYS_TYPES_H 1
| #define HAVE_SYS_STAT_H 1
| #define HAVE_STDLIB_H 1
| #define HAVE_STRING_H 1
| #define HAVE_MEMORY_H 1
| #define HAVE_STRINGS_H 1
| #define HAVE_INTTYPES_H 1
| #define HAVE_STDINT_H 1
| #define HAVE_UNISTD_H 1
| #define HAVE_DLFCN_H 1
| /* end confdefs.h.  */
| #include <ac_nonexistent.h>
configure:5834: checking for g77
configure:5864: result: no
configure:5834: checking for xlf
configure:5864: result: no
configure:5834: checking for f77
configure:5864: result: no
configure:5834: checking for frt
configure:5864: result: no
configure:5834: checking for pgf77
configure:5864: result: no
configure:5834: checking for cf77
configure:5864: result: no
configure:5834: checking for fort77
configure:5864: result: no
configure:5834: checking for fl32
configure:5864: result: no
configure:5834: checking for af77
configure:5864: result: no
configure:5834: checking for xlf90
configure:5864: result: no
configure:5834: checking for f90
configure:5864: result: no
configure:5834: checking for pgf90
configure:5864: result: no
configure:5834: checking for pghpf
configure:5864: result: no
configure:5834: checking for epcf90
configure:5864: result: no
configure:5834: checking for gfortran
configure:5864: result: no
configure:5834: checking for g95
configure:5864: result: no
configure:5834: checking for xlf95
configure:5864: result: no
configure:5834: checking for f95
configure:5864: result: no
configure:5834: checking for fort
configure:5864: result: no
configure:5834: checking for ifort
configure:5864: result: no
configure:5834: checking for ifc
configure:5864: result: no
configure:5834: checking for efc
configure:5864: result: no
configure:5834: checking for pgfortran
configure:5864: result: no
configure:5834: checking for pgf95
configure:5864: result: no
configure:5834: checking for lf95
configure:5864: result: no
configure:5834: checking for ftn
configure:5864: result: no
configure:5834: checking for nagfor
configure:5864: result: no
configure:5887: checking for Fortran 77 compiler version
configure:5896:  --version >&5
./configure: line 5898: --version: command not found
configure:5907: $? = 127
configure:5896:  -v >&5
./configure: line 5898: -v: command not found
configure:5907: $? = 127
configure:5896:  -V >&5
./configure: line 5898: -V: command not found
configure:5907: $? = 127
configure:5896:  -qversion >&5
./configure: line 5898: -qversion: command not found
configure:5907: $? = 127
configure:5916: checking whether we are using the GNU Fortran 77 compiler
configure:5929:  -c  conftest.F >&5
./configure: line 2156: -c: command not found
configure:5929: $? = 127
configure: failed program was:
|       program main
| #ifndef __GNUC__
|        choke me
| #endif
| 
|       end
configure:5938: result: no
configure:5944: checking whether  accepts -g
configure:5955:  -c -g conftest.f >&5
./configure: line 2156: -c: command not found
configure:5955: $? = 127
configure: failed program was:
|       program main
| 
|       end
configure:5963: result: no
configure:5997: checking the maximum length of command line arguments
configure:6106: result: 32768
configure:6117: checking command to parse /usr/bin/nm -B output from gcc object
configure:6222: gcc -c -g -O2  conftest.c >&5
configure:6225: $? = 0
configure:6229: /usr/bin/nm -B conftest.o \| sed -n -e 's/^.*[ 	]\([ABCDGIRSTW][ABCDGIRSTW]*\)[ 	][ 	]*\([_A-Za-z][_A-Za-z0-9]*\)$/\1 \2 \2/p' \> conftest.nm
configure:6232: $? = 0
configure:6284: gcc -o conftest -g -O2   conftest.c conftstm.o >&5
configure:6287: $? = 0
configure:6325: result: ok
configure:6329: checking for objdir
configure:6344: result: .libs
configure:6436: checking for ar
configure:6452: found /usr/bin/ar
configure:6463: result: ar
configure:6528: checking for ranlib
configure:6544: found /usr/bin/ranlib
configure:6555: result: ranlib
configure:6620: checking for strip
configure:6636: found /usr/bin/strip
configure:6647: result: strip
configure:6929: checking if gcc supports -fno-rtti -fno-exceptions
configure:6947: gcc -c -g -O2  -fno-rtti -fno-exceptions conftest.c >&5
cc1: warning: command line option '-fno-rtti' is valid for C++/ObjC++ but not for C
configure:6951: $? = 0
configure:6964: result: no
configure:6979: checking for gcc option to produce PIC
configure:7189: result: -fPIC
configure:7197: checking if gcc PIC flag -fPIC works
configure:7215: gcc -c -g -O2  -fPIC -DPIC conftest.c >&5
configure:7219: $? = 0
configure:7232: result: yes
configure:7260: checking if gcc static flag -static works
configure:7288: result: yes
configure:7298: checking if gcc supports -c -o file.o
configure:7319: gcc -c -g -O2  -o out/conftest2.o conftest.c >&5
configure:7323: $? = 0
configure:7345: result: yes
configure:7371: checking whether the gcc linker (/usr/bin/ld -m elf_x86_64) supports shared libraries
configure:8271: result: yes
configure:8292: checking whether -lc should be explicitly linked in
configure:8297: gcc -c -g -O2  conftest.c >&5
configure:8300: $? = 0
configure:8315: gcc -shared conftest.o  -v -Wl,-soname -Wl,conftest -o conftest 2\>\&1 \| grep  -lc  \>/dev/null 2\>\&1
configure:8318: $? = 0
configure:8330: result: no
configure:8338: checking dynamic linker characteristics
configure:8731: gcc -c -g -O2  conftest.c >&5
configure:8734: $? = 0
configure:8947: result: GNU/Linux ld.so
configure:8956: checking how to hardcode library paths into programs
configure:8981: result: immediate
configure:8995: checking whether stripping libraries is possible
configure:9000: result: yes
configure:9516: checking if libtool supports shared libraries
configure:9518: result: yes
configure:9521: checking whether to build shared libraries
configure:9542: result: yes
configure:9545: checking whether to build static libraries
configure:9549: result: yes
configure:9641: creating libtool
configure:10228: checking for ld used by g++
configure:10295: result: /usr/bin/ld -m elf_x86_64
configure:10302: checking if the linker (/usr/bin/ld -m elf_x86_64) is GNU ld
configure:10317: result: yes
configure:10368: checking whether the g++ linker (/usr/bin/ld -m elf_x86_64) supports shared libraries
configure:11248: result: yes
configure:11266: g++ -c -g -O2  conftest.cpp >&5
configure:11269: $? = 0
configure:11388: checking for g++ option to produce PIC
configure:11662: result: -fPIC
configure:11670: checking if g++ PIC flag -fPIC works
configure:11688: g++ -c -g -O2  -fPIC -DPIC conftest.cpp >&5
configure:11692: $? = 0
configure:11705: result: yes
configure:11733: checking if g++ static flag -static works
configure:11761: result: yes
configure:11771: checking if g++ supports -c -o file.o
configure:11792: g++ -c -g -O2  -o out/conftest2.o conftest.cpp >&5
configure:11796: $? = 0
configure:11818: result: yes
configure:11844: checking whether the g++ linker (/usr/bin/ld -m elf_x86_64) supports shared libraries
configure:11869: result: yes
configure:11936: checking dynamic linker characteristics
configure:12329: g++ -c -g -O2  conftest.cpp >&5
configure:12332: $? = 0
configure:12545: result: GNU/Linux ld.so
configure:12554: checking how to hardcode library paths into programs
configure:12579: result: immediate
configure:18781: checking for C++ compiler version
configure:18790: g++ --version >&5
g++ (Ubuntu 6.2.0-5ubuntu12) 6.2.0 20161005
Copyright (C) 2016 Free Software Foundation, Inc.
This is free software; see the source for copying conditions.  There is NO
warranty; not even for MERCHANTABILITY or FITNESS FOR A PARTICULAR PURPOSE.

configure:18801: $? = 0
configure:18790: g++ -v >&5
Using built-in specs.
COLLECT_GCC=g++
COLLECT_LTO_WRAPPER=/usr/lib/gcc/x86_64-linux-gnu/6/lto-wrapper
Target: x86_64-linux-gnu
Configured with: ../src/configure -v --with-pkgversion='Ubuntu 6.2.0-5ubuntu12' --with-bugurl=file:///usr/share/doc/gcc-6/README.Bugs --enable-languages=c,ada,c++,java,go,d,fortran,objc,obj-c++ --prefix=/usr --program-suffix=-6 --program-prefix=x86_64-linux-gnu- --enable-shared --enable-linker-build-id --libexecdir=/usr/lib --without-included-gettext --enable-threads=posix --libdir=/usr/lib --enable-nls --with-sysroot=/ --enable-clocale=gnu --enable-libstdcxx-debug --enable-libstdcxx-time=yes --with-default-libstdcxx-abi=new --enable-gnu-unique-object --disable-vtable-verify --enable-libmpx --enable-plugin --enable-default-pie --with-system-zlib --disable-browser-plugin --enable-java-awt=gtk --enable-gtk-cairo --with-java-home=/usr/lib/jvm/java-1.5.0-gcj-6-amd64/jre --enable-java-home --with-jvm-root-dir=/usr/lib/jvm/java-1.5.0-gcj-6-amd64 --with-jvm-jar-dir=/usr/lib/jvm-exports/java-1.5.0-gcj-6-amd64 --with-arch-directory=amd64 --with-ecj-jar=/usr/share/java/eclipse-ecj.jar --enable-objc-gc --enable-multiarch --disable-werror --with-arch-32=i686 --with-abi=m64 --with-multilib-list=m32,m64,mx32 --enable-multilib --with-tune=generic --enable-checking=release --build=x86_64-linux-gnu --host=x86_64-linux-gnu --target=x86_64-linux-gnu
Thread model: posix
gcc version 6.2.0 20161005 (Ubuntu 6.2.0-5ubuntu12) 
configure:18801: $? = 0
configure:18790: g++ -V >&5
g++: error: unrecognized command line option '-V'
g++: fatal error: no input files
compilation terminated.
configure:18801: $? = 1
configure:18790: g++ -qversion >&5
g++: error: unrecognized command line option '-qversion'; did you mean '--version'?
g++: fatal error: no input files
compilation terminated.
configure:18801: $? = 1
configure:18805: checking whether we are using the GNU C++ compiler
configure:18833: result: yes
configure:18842: checking whether g++ accepts -g
configure:18903: result: yes
configure:18928: checking dependency style of g++
configure:19018: result: gcc3
configure:19036: checking whether ln -s works
configure:19040: result: yes
configure:19047: checking whether make sets $(MAKE)
configure:19069: result: yes
configure:19081: checking for main in -lpthread
configure:19100: gcc -o conftest -g -O2   conftest.c -lpthread   >&5
configure:19100: $? = 0
configure:19109: result: yes
configure:19172: checking pthread.h usability
configure:19172: gcc -c -g -O2  conftest.c >&5
configure:19172: $? = 0
configure:19172: result: yes
configure:19172: checking pthread.h presence
configure:19172: gcc -E  conftest.c
configure:19172: $? = 0
configure:19172: result: yes
configure:19172: checking for pthread.h
configure:19172: result: yes
configure:19183: checking for stdint.h
configure:19183: result: yes
configure:19195: checking for ANSI C header files
configure:19299: result: yes
configure:19307: checking for stdbool.h that conforms to C99
configure:19374: gcc -c -g -O2  conftest.c >&5
configure:19374: $? = 0
configure:19381: result: yes
configure:19383: checking for _Bool
configure:19383: gcc -c -g -O2  conftest.c >&5
configure:19383: $? = 0
configure:19383: gcc -c -g -O2  conftest.c >&5
conftest.c: In function 'main':
conftest.c:61:20: error: expected expression before ')' token
 if (sizeof ((_Bool)))
                    ^
configure:19383: $? = 1
configure: failed program was:
| /* confdefs.h */
| #define PACKAGE_NAME "Body Tracking Benchmark"
| #define PACKAGE_TARNAME "body-tracking-benchmark"
| #define PACKAGE_VERSION "1.0"
| #define PACKAGE_STRING "Body Tracking Benchmark 1.0"
| #define PACKAGE_BUGREPORT "cbienia@cs.princeton.edu"
| #define PACKAGE_URL ""
| #define PACKAGE "body-tracking-benchmark"
| #define VERSION "1.0"
| #define STDC_HEADERS 1
| #define HAVE_SYS_TYPES_H 1
| #define HAVE_SYS_STAT_H 1
| #define HAVE_STDLIB_H 1
| #define HAVE_STRING_H 1
| #define HAVE_MEMORY_H 1
| #define HAVE_STRINGS_H 1
| #define HAVE_INTTYPES_H 1
| #define HAVE_STDINT_H 1
| #define HAVE_UNISTD_H 1
| #define HAVE_DLFCN_H 1
| #define HAVE_LIBPTHREAD 1
| #define HAVE_STDINT_H 1
| #define STDC_HEADERS 1
| /* end confdefs.h.  */
| #include <stdio.h>
| #ifdef HAVE_SYS_TYPES_H
| # include <sys/types.h>
| #endif
| #ifdef HAVE_SYS_STAT_H
| # include <sys/stat.h>
| #endif
| #ifdef STDC_HEADERS
| # include <stdlib.h>
| # include <stddef.h>
| #else
| # ifdef HAVE_STDLIB_H
| #  include <stdlib.h>
| # endif
| #endif
| #ifdef HAVE_STRING_H
| # if !defined STDC_HEADERS && defined HAVE_MEMORY_H
| #  include <memory.h>
| # endif
| # include <string.h>
| #endif
| #ifdef HAVE_STRINGS_H
| # include <strings.h>
| #endif
| #ifdef HAVE_INTTYPES_H
| # include <inttypes.h>
| #endif
| #ifdef HAVE_STDINT_H
| # include <stdint.h>
| #endif
| #ifdef HAVE_UNISTD_H
| # include <unistd.h>
| #endif
| int
| main ()
| {
| if (sizeof ((_Bool)))
| 	    return 0;
|   ;
|   return 0;
| }
configure:19383: result: yes
configure:19400: checking whether time.h and sys/time.h may both be included
configure:19420: gcc -c -g -O2  conftest.c >&5
configure:19420: $? = 0
configure:19427: result: yes
configure:19435: checking for an ANSI C-conforming const
configure:19501: gcc -c -g -O2  conftest.c >&5
configure:19501: $? = 0
configure:19508: result: yes
configure:19516: checking for inline
configure:19532: gcc -c -g -O2  conftest.c >&5
configure:19532: $? = 0
configure:19540: result: inline
configure:19564: checking for memset
configure:19564: gcc -o conftest -g -O2   conftest.c -lpthread  >&5
conftest.c:51:6: warning: conflicting types for built-in function 'memset'
 char memset ();
      ^~~~~~
configure:19564: $? = 0
configure:19564: result: yes
configure:19564: checking for sqrt
configure:19564: gcc -o conftest -g -O2   conftest.c -lpthread  >&5
conftest.c:52:6: warning: conflicting types for built-in function 'sqrt'
 char sqrt ();
      ^~~~
/tmp/ccpJPnxn.o: In function `main':
/home/dsuo/turkey/apps/bodytrack/src/conftest.c:63: undefined reference to `sqrt'
collect2: error: ld returned 1 exit status
configure:19564: $? = 1
configure: failed program was:
| /* confdefs.h */
| #define PACKAGE_NAME "Body Tracking Benchmark"
| #define PACKAGE_TARNAME "body-tracking-benchmark"
| #define PACKAGE_VERSION "1.0"
| #define PACKAGE_STRING "Body Tracking Benchmark 1.0"
| #define PACKAGE_BUGREPORT "cbienia@cs.princeton.edu"
| #define PACKAGE_URL ""
| #define PACKAGE "body-tracking-benchmark"
| #define VERSION "1.0"
| #define STDC_HEADERS 1
| #define HAVE_SYS_TYPES_H 1
| #define HAVE_SYS_STAT_H 1
| #define HAVE_STDLIB_H 1
| #define HAVE_STRING_H 1
| #define HAVE_MEMORY_H 1
| #define HAVE_STRINGS_H 1
| #define HAVE_INTTYPES_H 1
| #define HAVE_STDINT_H 1
| #define HAVE_UNISTD_H 1
| #define HAVE_DLFCN_H 1
| #define HAVE_LIBPTHREAD 1
| #define HAVE_STDINT_H 1
| #define STDC_HEADERS 1
| #define HAVE__BOOL 1
| #define HAVE_STDBOOL_H 1
| #define TIME_WITH_SYS_TIME 1
| #define HAVE_MEMSET 1
| /* end confdefs.h.  */
| /* Define sqrt to an innocuous variant, in case <limits.h> declares sqrt.
|    For example, HP-UX 11i <limits.h> declares gettimeofday.  */
| #define sqrt innocuous_sqrt
| 
| /* System header to define __stub macros and hopefully few prototypes,
|     which can conflict with char sqrt (); below.
|     Prefer <limits.h> to <assert.h> if __STDC__ is defined, since
|     <limits.h> exists even on freestanding compilers.  */
| 
| #ifdef __STDC__
| # include <limits.h>
| #else
| # include <assert.h>
| #endif
| 
| #undef sqrt
| 
| /* Override any GCC internal prototype to avoid an error.
|    Use char because int might match the return type of a GCC
|    builtin and then its argument prototype would still apply.  */
| #ifdef __cplusplus
| extern "C"
| #endif
| char sqrt ();
| /* The GNU C library defines this for functions which it implements
|     to always fail with ENOSYS.  Some functions are actually named
|     something starting with __ and the normal name is an alias.  */
| #if defined __stub_sqrt || defined __stub___sqrt
| choke me
| #endif
| 
| int
| main ()
| {
| return sqrt ();
|   ;
|   return 0;
| }
configure:19564: result: no
configure:19788: creating ./config.status

## ---------------- ##
## Cache variables. ##
## ---------------- ##

ac_cv_build=x86_64-unknown-linux-gnu
ac_cv_c_compiler_gnu=yes
ac_cv_c_const=yes
ac_cv_c_inline=inline
ac_cv_cxx_compiler_gnu=yes
ac_cv_env_CCC_set=
ac_cv_env_CCC_value=
ac_cv_env_CC_set=
ac_cv_env_CC_value=
ac_cv_env_CFLAGS_set=
ac_cv_env_CFLAGS_value=
ac_cv_env_CPPFLAGS_set=
ac_cv_env_CPPFLAGS_value=
ac_cv_env_CPP_set=
ac_cv_env_CPP_value=
ac_cv_env_CXXCPP_set=
ac_cv_env_CXXCPP_value=
ac_cv_env_CXXFLAGS_set=
ac_cv_env_CXXFLAGS_value=
ac_cv_env_CXX_set=
ac_cv_env_CXX_value=
ac_cv_env_F77_set=
ac_cv_env_F77_value=
ac_cv_env_FFLAGS_set=
ac_cv_env_FFLAGS_value=
ac_cv_env_LDFLAGS_set=
ac_cv_env_LDFLAGS_value=
ac_cv_env_LIBS_set=
ac_cv_env_LIBS_value=
ac_cv_env_build_alias_set=
ac_cv_env_build_alias_value=
ac_cv_env_host_alias_set=
ac_cv_env_host_alias_value=
ac_cv_env_target_alias_set=
ac_cv_env_target_alias_value=
ac_cv_f77_compiler_gnu=no
ac_cv_func_memset=yes
ac_cv_func_sqrt=no
ac_cv_header_dlfcn_h=yes
ac_cv_header_inttypes_h=yes
ac_cv_header_memory_h=yes
ac_cv_header_pthread_h=yes
ac_cv_header_stdbool_h=yes
ac_cv_header_stdc=yes
ac_cv_header_stdint_h=yes
ac_cv_header_stdlib_h=yes
ac_cv_header_string_h=yes
ac_cv_header_strings_h=yes
ac_cv_header_sys_stat_h=yes
ac_cv_header_sys_types_h=yes
ac_cv_header_time=yes
ac_cv_header_unistd_h=yes
ac_cv_host=x86_64-unknown-linux-gnu
ac_cv_lib_pthread=ac_cv_lib_pthread_main
ac_cv_lib_pthread_main=yes
ac_cv_objext=o
ac_cv_path_EGREP='/bin/grep -E'
ac_cv_path_GREP=/bin/grep
ac_cv_path_install='/usr/bin/install -c'
ac_cv_prog_AWK=mawk
ac_cv_prog_CPP='gcc -E'
ac_cv_prog_CXXCPP='g++ -E'
ac_cv_prog_ac_ct_AR=ar
ac_cv_prog_ac_ct_CC=gcc
ac_cv_prog_ac_ct_CXX=g++
ac_cv_prog_ac_ct_RANLIB=ranlib
ac_cv_prog_ac_ct_STRIP=strip
ac_cv_prog_cc_c89=
ac_cv_prog_cc_g=yes
ac_cv_prog_cxx_g=yes
ac_cv_prog_f77_g=no
ac_cv_prog_make_make_set=yes
ac_cv_type__Bool=yes
am_cv_CC_dependencies_compiler_type=gcc3
am_cv_CXX_dependencies_compiler_type=gcc3
lt_cv_deplibs_check_method=pass_all
lt_cv_file_magic_cmd='$MAGIC_CMD'
lt_cv_file_magic_test_file=
lt_cv_ld_reload_flag=-r
lt_cv_objdir=.libs
lt_cv_path_LD=/usr/bin/ld
lt_cv_path_LDCXX='/usr/bin/ld -m elf_x86_64'
lt_cv_path_NM='/usr/bin/nm -B'
lt_cv_path_SED=/bin/sed
lt_cv_prog_compiler_c_o=yes
lt_cv_prog_compiler_c_o_CXX=yes
lt_cv_prog_compiler_rtti_exceptions=no
lt_cv_prog_gnu_ld=yes
lt_cv_prog_gnu_ldcxx=yes
lt_cv_sys_global_symbol_pipe='sed -n -e '\''s/^.*[ 	]\([ABCDGIRSTW][ABCDGIRSTW]*\)[ 	][ 	]*\([_A-Za-z][_A-Za-z0-9]*\)$/\1 \2 \2/p'\'''
lt_cv_sys_global_symbol_to_c_name_address='sed -n -e '\''s/^: \([^ ]*\) $/  {\"\1\", (lt_ptr) 0},/p'\'' -e '\''s/^[BCDEGRST] \([^ ]*\) \([^ ]*\)$/  {"\2", (lt_ptr) \&\2},/p'\'''
lt_cv_sys_global_symbol_to_cdecl='sed -n -e '\''s/^. .* \(.*\)$/extern int \1;/p'\'''
lt_cv_sys_max_cmd_len=32768
lt_lt_cv_prog_compiler_c_o='"yes"'
lt_lt_cv_prog_compiler_c_o_CXX='"yes"'
lt_lt_cv_sys_global_symbol_pipe='"sed -n -e '\''s/^.*[ 	]\\([ABCDGIRSTW][ABCDGIRSTW]*\\)[ 	][ 	]*\\([_A-Za-z][_A-Za-z0-9]*\\)\$/\\1 \\2 \\2/p'\''"'
lt_lt_cv_sys_global_symbol_to_c_name_address='"sed -n -e '\''s/^: \\([^ ]*\\) \$/  {\\\"\\1\\\", (lt_ptr) 0},/p'\'' -e '\''s/^[BCDEGRST] \\([^ ]*\\) \\([^ ]*\\)\$/  {\"\\2\", (lt_ptr) \\&\\2},/p'\''"'
lt_lt_cv_sys_global_symbol_to_cdecl='"sed -n -e '\''s/^. .* \\(.*\\)\$/extern int \\1;/p'\''"'

## ----------------- ##
## Output variables. ##
## ----------------- ##

ACLOCAL='${SHELL} /home/dsuo/turkey/apps/bodytrack/src/missing --run aclocal-1.9'
AMDEPBACKSLASH='\'
AMDEP_FALSE='#'
AMDEP_TRUE=''
AMTAR='${SHELL} /home/dsuo/turkey/apps/bodytrack/src/missing --run tar'
AR='ar'
AUTOCONF='${SHELL} /home/dsuo/turkey/apps/bodytrack/src/missing --run autoconf'
AUTOHEADER='${SHELL} /home/dsuo/turkey/apps/bodytrack/src/missing --run autoheader'
AUTOMAKE='${SHELL} /home/dsuo/turkey/apps/bodytrack/src/missing --run automake-1.9'
AWK='mawk'
CC='gcc'
CCDEPMODE='depmode=gcc3'
CFLAGS='-g -O2'
CPP='gcc -E'
CPPFLAGS=''
CXX='g++'
CXXCPP='g++ -E'
CXXDEPMODE='depmode=gcc3'
CXXFLAGS='-g -O2 -Wall -Wno-unknown-pragmas'
CYGPATH_W='echo'
DEFS='-DHAVE_CONFIG_H'
DEPDIR='.deps'
ECHO='echo'
ECHO_C=''
ECHO_N='-n'
ECHO_T=''
EGREP='/bin/grep -E'
ENABLE_OPENMP=''
ENABLE_OPENMP_FALSE=''
ENABLE_OPENMP_TRUE='#'
ENABLE_TBB=''
ENABLE_TBB_FALSE=''
ENABLE_TBB_TRUE='#'
ENABLE_THREADS=''
ENABLE_THREADS_FALSE='#'
ENABLE_THREADS_TRUE=''
EXEEXT=''
F77=''
FFLAGS=''
GREP='/bin/grep'
INSTALL_DATA='${INSTALL} -m 644'
INSTALL_PROGRAM='${INSTALL}'
INSTALL_SCRIPT='${INSTALL}'
INSTALL_STRIP_PROGRAM='${SHELL} $(install_sh) -c -s'
LDFLAGS=''
LIBOBJS=''
LIBS='-lpthread '
LIBTOOL='$(SHELL) $(top_builddir)/libtool'
LN_S='ln -s'
LTLIBOBJS=''
MAKEINFO='${SHELL} /home/dsuo/turkey/apps/bodytrack/src/missing --run makeinfo'
OBJEXT='o'
PACKAGE='body-tracking-benchmark'
PACKAGE_BUGREPORT='cbienia@cs.princeton.edu'
PACKAGE_NAME='Body Tracking Benchmark'
PACKAGE_STRING='Body Tracking Benchmark 1.0'
PACKAGE_TARNAME='body-tracking-benchmark'
PACKAGE_URL=''
PACKAGE_VERSION='1.0'
PATH_SEPARATOR=':'
RANLIB='ranlib'
SED='/bin/sed'
SET_MAKE=''
SHELL='/bin/bash'
STRIP='strip'
VERSION='1.0'
ac_ct_CC='gcc'
ac_ct_CXX='g++'
ac_ct_F77=''
am__fastdepCC_FALSE='#'
am__fastdepCC_TRUE=''
am__fastdepCXX_FALSE='#'
am__fastdepCXX_TRUE=''
am__include='include'
am__leading_dot='.'
am__quote=''
am__tar='${AMTAR} chof - "$$tardir"'
am__untar='${AMTAR} xf -'
bindir='${exec_prefix}/bin'
build='x86_64-unknown-linux-gnu'
build_alias=''
build_cpu='x86_64'
build_os='linux-gnu'
build_vendor='unknown'
datadir='${datarootdir}'
datarootdir='${prefix}/share'
docdir='${datarootdir}/doc/${PACKAGE_TARNAME}'
dvidir='${docdir}'
exec_prefix='${prefix}'
host='x86_64-unknown-linux-gnu'
host_alias=''
host_cpu='x86_64'
host_os='linux-gnu'
host_vendor='unknown'
htmldir='${docdir}'
includedir='${prefix}/include'
infodir='${datarootdir}/info'
install_sh='/home/dsuo/turkey/apps/bodytrack/src/install-sh'
libdir='${exec_prefix}/lib'
libexecdir='${exec_prefix}/libexec'
localedir='${datarootdir}/locale'
localstatedir='${prefix}/var'
mandir='${datarootdir}/man'
mkdir_p='mkdir -p --'
oldincludedir='/usr/include'
pdfdir='${docdir}'
prefix='/usr/local'
program_transform_name='s,x,x,'
psdir='${docdir}'
runstatedir='${localstatedir}/run'
sbindir='${exec_prefix}/sbin'
sharedstatedir='${prefix}/com'
sysconfdir='${prefix}/etc'
target_alias=''

## ----------- ##
## confdefs.h. ##
## ----------- ##

/* confdefs.h */
#define PACKAGE_NAME "Body Tracking Benchmark"
#define PACKAGE_TARNAME "body-tracking-benchmark"
#define PACKAGE_VERSION "1.0"
#define PACKAGE_STRING "Body Tracking Benchmark 1.0"
#define PACKAGE_BUGREPORT "cbienia@cs.princeton.edu"
#define PACKAGE_URL ""
#define PACKAGE "body-tracking-benchmark"
#define VERSION "1.0"
#define STDC_HEADERS 1
#define HAVE_SYS_TYPES_H 1
#define HAVE_SYS_STAT_H 1
#define HAVE_STDLIB_H 1
#define HAVE_STRING_H 1
#define HAVE_MEMORY_H 1
#define HAVE_STRINGS_H 1
#define HAVE_INTTYPES_H 1
#define HAVE_STDINT_H 1
#define HAVE_UNISTD_H 1
#define HAVE_DLFCN_H 1
#define HAVE_LIBPTHREAD 1
#define HAVE_STDINT_H 1
#define STDC_HEADERS 1
#define HAVE__BOOL 1
#define HAVE_STDBOOL_H 1
#define TIME_WITH_SYS_TIME 1
#define HAVE_MEMSET 1
#define USE_THREADS 1

configure: exit 0

## ---------------------- ##
## Running config.status. ##
## ---------------------- ##

This file was extended by Body Tracking Benchmark config.status 1.0, which was
generated by GNU Autoconf 2.69.  Invocation command line was

  CONFIG_FILES    = 
  CONFIG_HEADERS  = 
  CONFIG_LINKS    = 
  CONFIG_COMMANDS = 
  $ ./config.status 

on daniel-desktop

config.status:888: creating Makefile
config.status:888: creating FlexImageLib/Makefile
config.status:888: creating TrackingBenchmark/Makefile
config.status:888: creating TrackingBenchmark/threads/Makefile
config.status:888: creating config.h
config.status:1063: config.h is unchanged
config.status:1110: executing depfiles commands

## ---------------------- ##
## Running config.status. ##
## ---------------------- ##

This file was extended by Body Tracking Benchmark config.status 1.0, which was
generated by GNU Autoconf 2.69.  Invocation command line was

  CONFIG_FILES    = 
  CONFIG_HEADERS  = 
  CONFIG_LINKS    = 
  CONFIG_COMMANDS = 
  $ ./config.status config.h

on daniel-desktop

config.status:888: creating config.h
config.status:1063: config.h is unchanged
